2024-12-17 11:19:29.556 - INFO 47661 --- [           main] com.ylz.server.YlzApplication            : Starting YlzApplication on weizuxiaodeMacBook-Air.local with PID 47661 (/Users/weizuxiao/Documents/weizuxiao/spring/server/target/classes started by weizuxiao in /Users/weizuxiao/Documents/weizuxiao)
2024-12-17 11:19:29.559 - INFO 47661 --- [           main] com.ylz.server.YlzApplication            : No active profile set, falling back to default profiles: default
2024-12-17 11:19:30.579 - INFO 47661 --- [           main] .s.d.r.c.RepositoryConfigurationDelegate : Bootstrapping Spring Data JPA repositories in DEFAULT mode.
2024-12-17 11:19:30.663 - INFO 47661 --- [           main] .s.d.r.c.RepositoryConfigurationDelegate : Finished Spring Data repository scanning in 76ms. Found 2 JPA repository interfaces.
2024-12-17 11:19:31.439 - INFO 47661 --- [           main] o.s.b.w.embedded.tomcat.TomcatWebServer  : Tomcat initialized with port(s): 8081 (http)
2024-12-17 11:19:31.454 - INFO 47661 --- [           main] o.a.coyote.http11.Http11NioProtocol      : Initializing ProtocolHandler ["http-nio-8081"]
2024-12-17 11:19:31.469 - INFO 47661 --- [           main] o.apache.catalina.core.StandardService   : Starting service [Tomcat]
2024-12-17 11:19:31.470 - INFO 47661 --- [           main] org.apache.catalina.core.StandardEngine  : Starting Servlet engine: [Apache Tomcat/9.0.34]
2024-12-17 11:19:31.556 - INFO 47661 --- [           main] o.a.c.c.C.[Tomcat].[localhost].[/]       : Initializing Spring embedded WebApplicationContext
2024-12-17 11:19:31.556 - INFO 47661 --- [           main] o.s.web.context.ContextLoader            : Root WebApplicationContext: initialization completed in 1913 ms
2024-12-17 11:19:31.639 - INFO 47661 --- [           main] c.a.d.s.b.a.DruidDataSourceAutoConfigure : Init DruidDataSource
2024-12-17 11:19:32.230 - INFO 47661 --- [           main] com.alibaba.druid.pool.DruidDataSource   : {dataSource-1} inited
2024-12-17 11:19:32.466 - INFO 47661 --- [           main] o.hibernate.jpa.internal.util.LogHelper  : HHH000204: Processing PersistenceUnitInfo [
	name: default
	...]
2024-12-17 11:19:32.569 - INFO 47661 --- [           main] org.hibernate.Version                    : HHH000412: Hibernate Core {5.3.17.Final}
2024-12-17 11:19:32.570 - INFO 47661 --- [           main] org.hibernate.cfg.Environment            : HHH000206: hibernate.properties not found
2024-12-17 11:19:32.834 - INFO 47661 --- [           main] o.hibernate.annotations.common.Version   : HCANN000001: Hibernate Commons Annotations {5.0.4.Final}
2024-12-17 11:19:33.161 - INFO 47661 --- [           main] org.hibernate.dialect.Dialect            : HHH000400: Using dialect: org.hibernate.dialect.MySQL5Dialect
2024-12-17 11:19:34.414 - INFO 47661 --- [           main] j.LocalContainerEntityManagerFactoryBean : Initialized JPA EntityManagerFactory for persistence unit 'default'
2024-12-17 11:19:35.170 - INFO 47661 --- [           main] o.h.h.i.QueryTranslatorFactoryInitiator  : HHH000397: Using ASTQueryTranslatorFactory
2024-12-17 11:19:35.413 - WARN 47661 --- [           main] ConfigServletWebServerApplicationContext : Exception encountered during context initialization - cancelling refresh attempt: org.springframework.beans.factory.BeanCreationException: Error creating bean with name 'reportController': Injection of resource dependencies failed; nested exception is org.springframework.beans.factory.BeanCreationException: Error creating bean with name 'reportServiceImpl' defined in file [/Users/weizuxiao/Documents/weizuxiao/spring/server/target/classes/com/ylz/server/service/impl/ReportServiceImpl.class]: Instantiation of bean failed; nested exception is org.springframework.beans.BeanInstantiationException: Failed to instantiate [com.ylz.server.service.impl.ReportServiceImpl]: Constructor threw exception; nested exception is java.lang.Error: Unresolved compilation problems: 
	Resource cannot be resolved to a type
	EventRecordRepository cannot be resolved to a type

2024-12-17 11:19:35.414 - INFO 47661 --- [           main] j.LocalContainerEntityManagerFactoryBean : Closing JPA EntityManagerFactory for persistence unit 'default'
2024-12-17 11:19:35.417 - INFO 47661 --- [           main] com.alibaba.druid.pool.DruidDataSource   : {dataSource-1} closing ...
2024-12-17 11:19:35.421 - INFO 47661 --- [           main] com.alibaba.druid.pool.DruidDataSource   : {dataSource-1} closed
2024-12-17 11:19:35.423 - INFO 47661 --- [           main] o.apache.catalina.core.StandardService   : Stopping service [Tomcat]
2024-12-17 11:19:35.436 - INFO 47661 --- [           main] ConditionEvaluationReportLoggingListener : 

Error starting ApplicationContext. To display the conditions report re-run your application with 'debug' enabled.
2024-12-17 11:19:35.441 -ERROR 47661 --- [           main] o.s.boot.SpringApplication               : Application run failed

org.springframework.beans.factory.BeanCreationException: Error creating bean with name 'reportController': Injection of resource dependencies failed; nested exception is org.springframework.beans.factory.BeanCreationException: Error creating bean with name 'reportServiceImpl' defined in file [/Users/weizuxiao/Documents/weizuxiao/spring/server/target/classes/com/ylz/server/service/impl/ReportServiceImpl.class]: Instantiation of bean failed; nested exception is org.springframework.beans.BeanInstantiationException: Failed to instantiate [com.ylz.server.service.impl.ReportServiceImpl]: Constructor threw exception; nested exception is java.lang.Error: Unresolved compilation problems: 
	Resource cannot be resolved to a type
	EventRecordRepository cannot be resolved to a type

	at org.springframework.context.annotation.CommonAnnotationBeanPostProcessor.postProcessProperties(CommonAnnotationBeanPostProcessor.java:325)
	at org.springframework.beans.factory.support.AbstractAutowireCapableBeanFactory.populateBean(AbstractAutowireCapableBeanFactory.java:1404)
	at org.springframework.beans.factory.support.AbstractAutowireCapableBeanFactory.doCreateBean(AbstractAutowireCapableBeanFactory.java:592)
	at org.springframework.beans.factory.support.AbstractAutowireCapableBeanFactory.createBean(AbstractAutowireCapableBeanFactory.java:515)
	at org.springframework.beans.factory.support.AbstractBeanFactory.lambda$doGetBean$0(AbstractBeanFactory.java:320)
	at org.springframework.beans.factory.support.DefaultSingletonBeanRegistry.getSingleton(DefaultSingletonBeanRegistry.java:226)
	at org.springframework.beans.factory.support.AbstractBeanFactory.doGetBean(AbstractBeanFactory.java:318)
	at org.springframework.beans.factory.support.AbstractBeanFactory.getBean(AbstractBeanFactory.java:199)
	at org.springframework.beans.factory.support.DefaultListableBeanFactory.preInstantiateSingletons(DefaultListableBeanFactory.java:860)
	at org.springframework.context.support.AbstractApplicationContext.finishBeanFactoryInitialization(AbstractApplicationContext.java:877)
	at org.springframework.context.support.AbstractApplicationContext.refresh(AbstractApplicationContext.java:549)
	at org.springframework.boot.web.servlet.context.ServletWebServerApplicationContext.refresh(ServletWebServerApplicationContext.java:141)
	at org.springframework.boot.SpringApplication.refresh(SpringApplication.java:744)
	at org.springframework.boot.SpringApplication.refreshContext(SpringApplication.java:391)
	at org.springframework.boot.SpringApplication.run(SpringApplication.java:312)
	at org.springframework.boot.SpringApplication.run(SpringApplication.java:1215)
	at org.springframework.boot.SpringApplication.run(SpringApplication.java:1204)
	at com.ylz.server.YlzApplication.main(YlzApplication.java:14)
Caused by: org.springframework.beans.factory.BeanCreationException: Error creating bean with name 'reportServiceImpl' defined in file [/Users/weizuxiao/Documents/weizuxiao/spring/server/target/classes/com/ylz/server/service/impl/ReportServiceImpl.class]: Instantiation of bean failed; nested exception is org.springframework.beans.BeanInstantiationException: Failed to instantiate [com.ylz.server.service.impl.ReportServiceImpl]: Constructor threw exception; nested exception is java.lang.Error: Unresolved compilation problems: 
	Resource cannot be resolved to a type
	EventRecordRepository cannot be resolved to a type

	at org.springframework.beans.factory.support.AbstractAutowireCapableBeanFactory.instantiateBean(AbstractAutowireCapableBeanFactory.java:1302)
	at org.springframework.beans.factory.support.AbstractAutowireCapableBeanFactory.createBeanInstance(AbstractAutowireCapableBeanFactory.java:1196)
	at org.springframework.beans.factory.support.AbstractAutowireCapableBeanFactory.doCreateBean(AbstractAutowireCapableBeanFactory.java:555)
	at org.springframework.beans.factory.support.AbstractAutowireCapableBeanFactory.createBean(AbstractAutowireCapableBeanFactory.java:515)
	at org.springframework.beans.factory.support.AbstractBeanFactory.lambda$doGetBean$0(AbstractBeanFactory.java:320)
	at org.springframework.beans.factory.support.DefaultSingletonBeanRegistry.getSingleton(DefaultSingletonBeanRegistry.java:226)
	at org.springframework.beans.factory.support.AbstractBeanFactory.doGetBean(AbstractBeanFactory.java:318)
	at org.springframework.beans.factory.support.AbstractBeanFactory.getBean(AbstractBeanFactory.java:199)
	at org.springframework.beans.factory.config.DependencyDescriptor.resolveCandidate(DependencyDescriptor.java:277)
	at org.springframework.beans.factory.support.DefaultListableBeanFactory.doResolveDependency(DefaultListableBeanFactory.java:1271)
	at org.springframework.beans.factory.support.DefaultListableBeanFactory.resolveDependency(DefaultListableBeanFactory.java:1191)
	at org.springframework.context.annotation.CommonAnnotationBeanPostProcessor.autowireResource(CommonAnnotationBeanPostProcessor.java:521)
	at org.springframework.context.annotation.CommonAnnotationBeanPostProcessor.getResource(CommonAnnotationBeanPostProcessor.java:497)
	at org.springframework.context.annotation.CommonAnnotationBeanPostProcessor$ResourceElement.getResourceToInject(CommonAnnotationBeanPostProcessor.java:637)
	at org.springframework.beans.factory.annotation.InjectionMetadata$InjectedElement.inject(InjectionMetadata.java:180)
	at org.springframework.beans.factory.annotation.InjectionMetadata.inject(InjectionMetadata.java:90)
	at org.springframework.context.annotation.CommonAnnotationBeanPostProcessor.postProcessProperties(CommonAnnotationBeanPostProcessor.java:322)
	... 17 common frames omitted
Caused by: org.springframework.beans.BeanInstantiationException: Failed to instantiate [com.ylz.server.service.impl.ReportServiceImpl]: Constructor threw exception; nested exception is java.lang.Error: Unresolved compilation problems: 
	Resource cannot be resolved to a type
	EventRecordRepository cannot be resolved to a type

	at org.springframework.beans.BeanUtils.instantiateClass(BeanUtils.java:184)
	at org.springframework.beans.factory.support.SimpleInstantiationStrategy.instantiate(SimpleInstantiationStrategy.java:87)
	at org.springframework.beans.factory.support.AbstractAutowireCapableBeanFactory.instantiateBean(AbstractAutowireCapableBeanFactory.java:1294)
	... 33 common frames omitted
Caused by: java.lang.Error: Unresolved compilation problems: 
	Resource cannot be resolved to a type
	EventRecordRepository cannot be resolved to a type

	at com.ylz.server.service.impl.ReportServiceImpl.<init>(ReportServiceImpl.java:21)
	at sun.reflect.NativeConstructorAccessorImpl.newInstance0(Native Method)
	at sun.reflect.NativeConstructorAccessorImpl.newInstance(NativeConstructorAccessorImpl.java:62)
	at sun.reflect.DelegatingConstructorAccessorImpl.newInstance(DelegatingConstructorAccessorImpl.java:45)
	at java.lang.reflect.Constructor.newInstance(Constructor.java:423)
	at org.springframework.beans.BeanUtils.instantiateClass(BeanUtils.java:172)
	... 35 common frames omitted

2024-12-17 12:22:48.291 - INFO 72871 --- [           main] com.ylz.server.YlzApplication            : Starting YlzApplication on weizuxiaodeMacBook-Air.local with PID 72871 (/Users/weizuxiao/Documents/weizuxiao/spring/server/target/classes started by weizuxiao in /Users/weizuxiao/Documents/weizuxiao)
2024-12-17 12:22:48.292 - INFO 72871 --- [           main] com.ylz.server.YlzApplication            : No active profile set, falling back to default profiles: default
2024-12-17 12:22:48.829 - INFO 72871 --- [           main] .s.d.r.c.RepositoryConfigurationDelegate : Bootstrapping Spring Data JPA repositories in DEFAULT mode.
2024-12-17 12:22:48.885 - INFO 72871 --- [           main] .s.d.r.c.RepositoryConfigurationDelegate : Finished Spring Data repository scanning in 47ms. Found 2 JPA repository interfaces.
2024-12-17 12:22:49.294 - INFO 72871 --- [           main] o.s.b.w.embedded.tomcat.TomcatWebServer  : Tomcat initialized with port(s): 8081 (http)
2024-12-17 12:22:49.303 - INFO 72871 --- [           main] o.a.coyote.http11.Http11NioProtocol      : Initializing ProtocolHandler ["http-nio-8081"]
2024-12-17 12:22:49.313 - INFO 72871 --- [           main] o.apache.catalina.core.StandardService   : Starting service [Tomcat]
2024-12-17 12:22:49.313 - INFO 72871 --- [           main] org.apache.catalina.core.StandardEngine  : Starting Servlet engine: [Apache Tomcat/9.0.34]
2024-12-17 12:22:49.357 - INFO 72871 --- [           main] o.a.c.c.C.[Tomcat].[localhost].[/]       : Initializing Spring embedded WebApplicationContext
2024-12-17 12:22:49.357 - INFO 72871 --- [           main] o.s.web.context.ContextLoader            : Root WebApplicationContext: initialization completed in 1021 ms
2024-12-17 12:22:49.398 - INFO 72871 --- [           main] c.a.d.s.b.a.DruidDataSourceAutoConfigure : Init DruidDataSource
2024-12-17 12:22:49.633 - INFO 72871 --- [           main] com.alibaba.druid.pool.DruidDataSource   : {dataSource-1} inited
2024-12-17 12:22:49.716 - INFO 72871 --- [           main] o.hibernate.jpa.internal.util.LogHelper  : HHH000204: Processing PersistenceUnitInfo [
	name: default
	...]
2024-12-17 12:22:49.758 - INFO 72871 --- [           main] org.hibernate.Version                    : HHH000412: Hibernate Core {5.3.17.Final}
2024-12-17 12:22:49.759 - INFO 72871 --- [           main] org.hibernate.cfg.Environment            : HHH000206: hibernate.properties not found
2024-12-17 12:22:49.855 - INFO 72871 --- [           main] o.hibernate.annotations.common.Version   : HCANN000001: Hibernate Commons Annotations {5.0.4.Final}
2024-12-17 12:22:49.949 - INFO 72871 --- [           main] org.hibernate.dialect.Dialect            : HHH000400: Using dialect: org.hibernate.dialect.MySQL5Dialect
2024-12-17 12:22:50.316 - INFO 72871 --- [           main] j.LocalContainerEntityManagerFactoryBean : Initialized JPA EntityManagerFactory for persistence unit 'default'
2024-12-17 12:22:50.592 - INFO 72871 --- [           main] o.h.h.i.QueryTranslatorFactoryInitiator  : HHH000397: Using ASTQueryTranslatorFactory
2024-12-17 12:22:50.835 - WARN 72871 --- [           main] aWebConfiguration$JpaWebMvcConfiguration : spring.jpa.open-in-view is enabled by default. Therefore, database queries may be performed during view rendering. Explicitly configure spring.jpa.open-in-view to disable this warning
2024-12-17 12:22:50.927 - INFO 72871 --- [           main] pertySourcedRequestMappingHandlerMapping : Mapped URL path [/v2/api-docs] onto method [public org.springframework.http.ResponseEntity<springfox.documentation.spring.web.json.Json> springfox.documentation.swagger2.web.Swagger2Controller.getDocumentation(java.lang.String,javax.servlet.http.HttpServletRequest)]
2024-12-17 12:22:51.036 - INFO 72871 --- [           main] o.s.s.concurrent.ThreadPoolTaskExecutor  : Initializing ExecutorService 'applicationTaskExecutor'
2024-12-17 12:22:51.187 - INFO 72871 --- [           main] d.s.w.p.DocumentationPluginsBootstrapper : Context refreshed
2024-12-17 12:22:51.213 - INFO 72871 --- [           main] d.s.w.p.DocumentationPluginsBootstrapper : Found 1 custom documentation plugin(s)
2024-12-17 12:22:51.232 - INFO 72871 --- [           main] s.d.s.w.s.ApiListingReferenceScanner     : Scanning for api listing references
2024-12-17 12:22:51.348 - INFO 72871 --- [           main] o.a.coyote.http11.Http11NioProtocol      : Starting ProtocolHandler ["http-nio-8081"]
2024-12-17 12:22:51.370 - INFO 72871 --- [           main] o.s.b.w.embedded.tomcat.TomcatWebServer  : Tomcat started on port(s): 8081 (http) with context path ''
2024-12-17 12:22:51.372 - INFO 72871 --- [           main] com.ylz.server.YlzApplication            : Started YlzApplication in 3.348 seconds (JVM running for 3.657)
2024-12-17 12:29:42.303 - INFO 72871 --- [nio-8081-exec-1] o.a.c.c.C.[Tomcat].[localhost].[/]       : Initializing Spring DispatcherServlet 'dispatcherServlet'
2024-12-17 12:29:42.303 - INFO 72871 --- [nio-8081-exec-1] o.s.web.servlet.DispatcherServlet        : Initializing Servlet 'dispatcherServlet'
2024-12-17 12:29:42.310 - INFO 72871 --- [nio-8081-exec-1] o.s.web.servlet.DispatcherServlet        : Completed initialization in 6 ms
2024-12-17 12:31:19.237 - INFO 78884 --- [           main] com.ylz.server.YlzApplication            : Starting YlzApplication on weizuxiaodeMacBook-Air.local with PID 78884 (/Users/weizuxiao/Documents/weizuxiao/spring/server/target/classes started by weizuxiao in /Users/weizuxiao/Documents/weizuxiao)
2024-12-17 12:31:19.239 - INFO 78884 --- [           main] com.ylz.server.YlzApplication            : No active profile set, falling back to default profiles: default
2024-12-17 12:31:19.808 - INFO 78884 --- [           main] .s.d.r.c.RepositoryConfigurationDelegate : Bootstrapping Spring Data JPA repositories in DEFAULT mode.
2024-12-17 12:31:19.861 - INFO 78884 --- [           main] .s.d.r.c.RepositoryConfigurationDelegate : Finished Spring Data repository scanning in 48ms. Found 2 JPA repository interfaces.
2024-12-17 12:31:20.268 - INFO 78884 --- [           main] o.s.b.w.embedded.tomcat.TomcatWebServer  : Tomcat initialized with port(s): 8081 (http)
2024-12-17 12:31:20.286 - INFO 78884 --- [           main] o.a.coyote.http11.Http11NioProtocol      : Initializing ProtocolHandler ["http-nio-8081"]
2024-12-17 12:31:20.297 - INFO 78884 --- [           main] o.apache.catalina.core.StandardService   : Starting service [Tomcat]
2024-12-17 12:31:20.297 - INFO 78884 --- [           main] org.apache.catalina.core.StandardEngine  : Starting Servlet engine: [Apache Tomcat/9.0.34]
2024-12-17 12:31:20.342 - INFO 78884 --- [           main] o.a.c.c.C.[Tomcat].[localhost].[/]       : Initializing Spring embedded WebApplicationContext
2024-12-17 12:31:20.342 - INFO 78884 --- [           main] o.s.web.context.ContextLoader            : Root WebApplicationContext: initialization completed in 1061 ms
2024-12-17 12:31:20.385 - INFO 78884 --- [           main] c.a.d.s.b.a.DruidDataSourceAutoConfigure : Init DruidDataSource
2024-12-17 12:31:20.609 - INFO 78884 --- [           main] com.alibaba.druid.pool.DruidDataSource   : {dataSource-1} inited
2024-12-17 12:31:20.693 - INFO 78884 --- [           main] o.hibernate.jpa.internal.util.LogHelper  : HHH000204: Processing PersistenceUnitInfo [
	name: default
	...]
2024-12-17 12:31:20.733 - INFO 78884 --- [           main] org.hibernate.Version                    : HHH000412: Hibernate Core {5.3.17.Final}
2024-12-17 12:31:20.734 - INFO 78884 --- [           main] org.hibernate.cfg.Environment            : HHH000206: hibernate.properties not found
2024-12-17 12:31:20.826 - INFO 78884 --- [           main] o.hibernate.annotations.common.Version   : HCANN000001: Hibernate Commons Annotations {5.0.4.Final}
2024-12-17 12:31:20.918 - INFO 78884 --- [           main] org.hibernate.dialect.Dialect            : HHH000400: Using dialect: org.hibernate.dialect.MySQL5Dialect
2024-12-17 12:31:21.323 - INFO 78884 --- [           main] j.LocalContainerEntityManagerFactoryBean : Initialized JPA EntityManagerFactory for persistence unit 'default'
2024-12-17 12:31:21.596 - INFO 78884 --- [           main] o.h.h.i.QueryTranslatorFactoryInitiator  : HHH000397: Using ASTQueryTranslatorFactory
2024-12-17 12:31:21.862 - WARN 78884 --- [           main] aWebConfiguration$JpaWebMvcConfiguration : spring.jpa.open-in-view is enabled by default. Therefore, database queries may be performed during view rendering. Explicitly configure spring.jpa.open-in-view to disable this warning
2024-12-17 12:31:21.967 - INFO 78884 --- [           main] pertySourcedRequestMappingHandlerMapping : Mapped URL path [/v2/api-docs] onto method [public org.springframework.http.ResponseEntity<springfox.documentation.spring.web.json.Json> springfox.documentation.swagger2.web.Swagger2Controller.getDocumentation(java.lang.String,javax.servlet.http.HttpServletRequest)]
2024-12-17 12:31:22.083 - INFO 78884 --- [           main] o.s.s.concurrent.ThreadPoolTaskExecutor  : Initializing ExecutorService 'applicationTaskExecutor'
2024-12-17 12:31:22.235 - INFO 78884 --- [           main] d.s.w.p.DocumentationPluginsBootstrapper : Context refreshed
2024-12-17 12:31:22.254 - INFO 78884 --- [           main] d.s.w.p.DocumentationPluginsBootstrapper : Found 1 custom documentation plugin(s)
2024-12-17 12:31:22.272 - INFO 78884 --- [           main] s.d.s.w.s.ApiListingReferenceScanner     : Scanning for api listing references
2024-12-17 12:31:22.389 - INFO 78884 --- [           main] o.a.coyote.http11.Http11NioProtocol      : Starting ProtocolHandler ["http-nio-8081"]
2024-12-17 12:31:22.411 - INFO 78884 --- [           main] o.s.b.w.embedded.tomcat.TomcatWebServer  : Tomcat started on port(s): 8081 (http) with context path ''
2024-12-17 12:31:22.417 - INFO 78884 --- [           main] com.ylz.server.YlzApplication            : Started YlzApplication in 3.441 seconds (JVM running for 3.691)
2024-12-17 12:32:10.178 - INFO 79389 --- [           main] com.ylz.server.YlzApplication            : Starting YlzApplication on weizuxiaodeMacBook-Air.local with PID 79389 (/Users/weizuxiao/Documents/weizuxiao/spring/server/target/classes started by weizuxiao in /Users/weizuxiao/Documents/weizuxiao)
2024-12-17 12:32:10.180 - INFO 79389 --- [           main] com.ylz.server.YlzApplication            : No active profile set, falling back to default profiles: default
2024-12-17 12:32:10.747 - INFO 79389 --- [           main] .s.d.r.c.RepositoryConfigurationDelegate : Bootstrapping Spring Data JPA repositories in DEFAULT mode.
2024-12-17 12:32:10.792 - INFO 79389 --- [           main] .s.d.r.c.RepositoryConfigurationDelegate : Finished Spring Data repository scanning in 40ms. Found 2 JPA repository interfaces.
2024-12-17 12:32:11.203 - INFO 79389 --- [           main] o.s.b.w.embedded.tomcat.TomcatWebServer  : Tomcat initialized with port(s): 8081 (http)
2024-12-17 12:32:11.218 - INFO 79389 --- [           main] o.a.coyote.http11.Http11NioProtocol      : Initializing ProtocolHandler ["http-nio-8081"]
2024-12-17 12:32:11.226 - INFO 79389 --- [           main] o.apache.catalina.core.StandardService   : Starting service [Tomcat]
2024-12-17 12:32:11.227 - INFO 79389 --- [           main] org.apache.catalina.core.StandardEngine  : Starting Servlet engine: [Apache Tomcat/9.0.34]
2024-12-17 12:32:11.271 - INFO 79389 --- [           main] o.a.c.c.C.[Tomcat].[localhost].[/]       : Initializing Spring embedded WebApplicationContext
2024-12-17 12:32:11.272 - INFO 79389 --- [           main] o.s.web.context.ContextLoader            : Root WebApplicationContext: initialization completed in 1050 ms
2024-12-17 12:32:11.312 - INFO 79389 --- [           main] c.a.d.s.b.a.DruidDataSourceAutoConfigure : Init DruidDataSource
2024-12-17 12:32:11.539 - INFO 79389 --- [           main] com.alibaba.druid.pool.DruidDataSource   : {dataSource-1} inited
2024-12-17 12:32:11.625 - INFO 79389 --- [           main] o.hibernate.jpa.internal.util.LogHelper  : HHH000204: Processing PersistenceUnitInfo [
	name: default
	...]
2024-12-17 12:32:11.669 - INFO 79389 --- [           main] org.hibernate.Version                    : HHH000412: Hibernate Core {5.3.17.Final}
2024-12-17 12:32:11.670 - INFO 79389 --- [           main] org.hibernate.cfg.Environment            : HHH000206: hibernate.properties not found
2024-12-17 12:32:11.767 - INFO 79389 --- [           main] o.hibernate.annotations.common.Version   : HCANN000001: Hibernate Commons Annotations {5.0.4.Final}
2024-12-17 12:32:11.860 - INFO 79389 --- [           main] org.hibernate.dialect.Dialect            : HHH000400: Using dialect: org.hibernate.dialect.MySQL5Dialect
2024-12-17 12:32:12.260 - INFO 79389 --- [           main] j.LocalContainerEntityManagerFactoryBean : Initialized JPA EntityManagerFactory for persistence unit 'default'
2024-12-17 12:32:12.532 - INFO 79389 --- [           main] o.h.h.i.QueryTranslatorFactoryInitiator  : HHH000397: Using ASTQueryTranslatorFactory
2024-12-17 12:32:12.780 - WARN 79389 --- [           main] aWebConfiguration$JpaWebMvcConfiguration : spring.jpa.open-in-view is enabled by default. Therefore, database queries may be performed during view rendering. Explicitly configure spring.jpa.open-in-view to disable this warning
2024-12-17 12:32:12.864 - INFO 79389 --- [           main] pertySourcedRequestMappingHandlerMapping : Mapped URL path [/v2/api-docs] onto method [public org.springframework.http.ResponseEntity<springfox.documentation.spring.web.json.Json> springfox.documentation.swagger2.web.Swagger2Controller.getDocumentation(java.lang.String,javax.servlet.http.HttpServletRequest)]
2024-12-17 12:32:12.971 - INFO 79389 --- [           main] o.s.s.concurrent.ThreadPoolTaskExecutor  : Initializing ExecutorService 'applicationTaskExecutor'
2024-12-17 12:32:13.135 - INFO 79389 --- [           main] d.s.w.p.DocumentationPluginsBootstrapper : Context refreshed
2024-12-17 12:32:13.158 - INFO 79389 --- [           main] d.s.w.p.DocumentationPluginsBootstrapper : Found 1 custom documentation plugin(s)
2024-12-17 12:32:13.177 - INFO 79389 --- [           main] s.d.s.w.s.ApiListingReferenceScanner     : Scanning for api listing references
2024-12-17 12:32:13.293 - INFO 79389 --- [           main] o.a.coyote.http11.Http11NioProtocol      : Starting ProtocolHandler ["http-nio-8081"]
2024-12-17 12:32:13.315 - INFO 79389 --- [           main] o.s.b.w.embedded.tomcat.TomcatWebServer  : Tomcat started on port(s): 8081 (http) with context path ''
2024-12-17 12:32:13.316 - INFO 79389 --- [           main] com.ylz.server.YlzApplication            : Started YlzApplication in 3.397 seconds (JVM running for 3.63)
2024-12-17 12:32:38.272 - INFO 79389 --- [nio-8081-exec-1] o.a.c.c.C.[Tomcat].[localhost].[/]       : Initializing Spring DispatcherServlet 'dispatcherServlet'
2024-12-17 12:32:38.272 - INFO 79389 --- [nio-8081-exec-1] o.s.web.servlet.DispatcherServlet        : Initializing Servlet 'dispatcherServlet'
2024-12-17 12:32:38.278 - INFO 79389 --- [nio-8081-exec-1] o.s.web.servlet.DispatcherServlet        : Completed initialization in 6 ms
2024-12-17 12:32:38.328 -ERROR 79389 --- [nio-8081-exec-1] com.ylz.server.config.ExceptionConfig    : error 500 -->

java.lang.IllegalArgumentException: Page index must not be less than zero!
	at org.springframework.data.domain.AbstractPageRequest.<init>(AbstractPageRequest.java:46)
	at org.springframework.data.domain.PageRequest.<init>(PageRequest.java:71)
	at org.springframework.data.domain.PageRequest.of(PageRequest.java:98)
	at org.springframework.data.domain.PageRequest.of(PageRequest.java:86)
	at com.ylz.server.service.impl.ReportServiceImpl.events(ReportServiceImpl.java:38)
	at com.ylz.server.controller.ReportController.events(ReportController.java:37)
	at sun.reflect.NativeMethodAccessorImpl.invoke0(Native Method)
	at sun.reflect.NativeMethodAccessorImpl.invoke(NativeMethodAccessorImpl.java:62)
	at sun.reflect.DelegatingMethodAccessorImpl.invoke(DelegatingMethodAccessorImpl.java:43)
	at java.lang.reflect.Method.invoke(Method.java:498)
	at org.springframework.web.method.support.InvocableHandlerMethod.doInvoke(InvocableHandlerMethod.java:190)
	at org.springframework.web.method.support.InvocableHandlerMethod.invokeForRequest(InvocableHandlerMethod.java:138)
	at org.springframework.web.servlet.mvc.method.annotation.ServletInvocableHandlerMethod.invokeAndHandle(ServletInvocableHandlerMethod.java:105)
	at org.springframework.web.servlet.mvc.method.annotation.RequestMappingHandlerAdapter.invokeHandlerMethod(RequestMappingHandlerAdapter.java:893)
	at org.springframework.web.servlet.mvc.method.annotation.RequestMappingHandlerAdapter.handleInternal(RequestMappingHandlerAdapter.java:798)
	at org.springframework.web.servlet.mvc.method.AbstractHandlerMethodAdapter.handle(AbstractHandlerMethodAdapter.java:87)
	at org.springframework.web.servlet.DispatcherServlet.doDispatch(DispatcherServlet.java:1040)
	at org.springframework.web.servlet.DispatcherServlet.doService(DispatcherServlet.java:943)
	at org.springframework.web.servlet.FrameworkServlet.processRequest(FrameworkServlet.java:1006)
	at org.springframework.web.servlet.FrameworkServlet.doPost(FrameworkServlet.java:909)
	at javax.servlet.http.HttpServlet.service(HttpServlet.java:660)
	at org.springframework.web.servlet.FrameworkServlet.service(FrameworkServlet.java:883)
	at javax.servlet.http.HttpServlet.service(HttpServlet.java:741)
	at org.apache.catalina.core.ApplicationFilterChain.internalDoFilter(ApplicationFilterChain.java:231)
	at org.apache.catalina.core.ApplicationFilterChain.doFilter(ApplicationFilterChain.java:166)
	at org.apache.tomcat.websocket.server.WsFilter.doFilter(WsFilter.java:53)
	at org.apache.catalina.core.ApplicationFilterChain.internalDoFilter(ApplicationFilterChain.java:193)
	at org.apache.catalina.core.ApplicationFilterChain.doFilter(ApplicationFilterChain.java:166)
	at org.springframework.web.filter.CorsFilter.doFilterInternal(CorsFilter.java:97)
	at org.springframework.web.filter.OncePerRequestFilter.doFilter(OncePerRequestFilter.java:119)
	at org.apache.catalina.core.ApplicationFilterChain.internalDoFilter(ApplicationFilterChain.java:193)
	at org.apache.catalina.core.ApplicationFilterChain.doFilter(ApplicationFilterChain.java:166)
	at org.springframework.web.filter.RequestContextFilter.doFilterInternal(RequestContextFilter.java:100)
	at org.springframework.web.filter.OncePerRequestFilter.doFilter(OncePerRequestFilter.java:119)
	at org.apache.catalina.core.ApplicationFilterChain.internalDoFilter(ApplicationFilterChain.java:193)
	at org.apache.catalina.core.ApplicationFilterChain.doFilter(ApplicationFilterChain.java:166)
	at org.springframework.web.filter.FormContentFilter.doFilterInternal(FormContentFilter.java:93)
	at org.springframework.web.filter.OncePerRequestFilter.doFilter(OncePerRequestFilter.java:119)
	at org.apache.catalina.core.ApplicationFilterChain.internalDoFilter(ApplicationFilterChain.java:193)
	at org.apache.catalina.core.ApplicationFilterChain.doFilter(ApplicationFilterChain.java:166)
	at org.springframework.web.filter.HiddenHttpMethodFilter.doFilterInternal(HiddenHttpMethodFilter.java:94)
	at org.springframework.web.filter.OncePerRequestFilter.doFilter(OncePerRequestFilter.java:119)
	at org.apache.catalina.core.ApplicationFilterChain.internalDoFilter(ApplicationFilterChain.java:193)
	at org.apache.catalina.core.ApplicationFilterChain.doFilter(ApplicationFilterChain.java:166)
	at org.springframework.web.filter.CharacterEncodingFilter.doFilterInternal(CharacterEncodingFilter.java:201)
	at org.springframework.web.filter.OncePerRequestFilter.doFilter(OncePerRequestFilter.java:119)
	at org.apache.catalina.core.ApplicationFilterChain.internalDoFilter(ApplicationFilterChain.java:193)
	at org.apache.catalina.core.ApplicationFilterChain.doFilter(ApplicationFilterChain.java:166)
	at org.apache.catalina.core.StandardWrapperValve.invoke(StandardWrapperValve.java:202)
	at org.apache.catalina.core.StandardContextValve.invoke(StandardContextValve.java:96)
	at org.apache.catalina.authenticator.AuthenticatorBase.invoke(AuthenticatorBase.java:541)
	at org.apache.catalina.core.StandardHostValve.invoke(StandardHostValve.java:139)
	at org.apache.catalina.valves.ErrorReportValve.invoke(ErrorReportValve.java:92)
	at org.apache.catalina.core.StandardEngineValve.invoke(StandardEngineValve.java:74)
	at org.apache.catalina.connector.CoyoteAdapter.service(CoyoteAdapter.java:343)
	at org.apache.coyote.http11.Http11Processor.service(Http11Processor.java:373)
	at org.apache.coyote.AbstractProcessorLight.process(AbstractProcessorLight.java:65)
	at org.apache.coyote.AbstractProtocol$ConnectionHandler.process(AbstractProtocol.java:868)
	at org.apache.tomcat.util.net.NioEndpoint$SocketProcessor.doRun(NioEndpoint.java:1590)
	at org.apache.tomcat.util.net.SocketProcessorBase.run(SocketProcessorBase.java:49)
	at java.util.concurrent.ThreadPoolExecutor.runWorker(ThreadPoolExecutor.java:1149)
	at java.util.concurrent.ThreadPoolExecutor$Worker.run(ThreadPoolExecutor.java:624)
	at org.apache.tomcat.util.threads.TaskThread$WrappingRunnable.run(TaskThread.java:61)
	at java.lang.Thread.run(Thread.java:750)

2024-12-17 12:42:13.055 - INFO 88066 --- [           main] com.ylz.server.YlzApplication            : Starting YlzApplication on weizuxiaodeMacBook-Air.local with PID 88066 (/Users/weizuxiao/Documents/weizuxiao/spring/server/target/classes started by weizuxiao in /Users/weizuxiao/Documents/weizuxiao)
2024-12-17 12:42:13.057 - INFO 88066 --- [           main] com.ylz.server.YlzApplication            : No active profile set, falling back to default profiles: default
2024-12-17 12:42:13.601 - INFO 88066 --- [           main] .s.d.r.c.RepositoryConfigurationDelegate : Bootstrapping Spring Data JPA repositories in DEFAULT mode.
2024-12-17 12:42:13.660 - INFO 88066 --- [           main] .s.d.r.c.RepositoryConfigurationDelegate : Finished Spring Data repository scanning in 53ms. Found 2 JPA repository interfaces.
2024-12-17 12:42:14.197 - INFO 88066 --- [           main] o.s.b.w.embedded.tomcat.TomcatWebServer  : Tomcat initialized with port(s): 8081 (http)
2024-12-17 12:42:14.206 - INFO 88066 --- [           main] o.a.coyote.http11.Http11NioProtocol      : Initializing ProtocolHandler ["http-nio-8081"]
2024-12-17 12:42:14.212 - INFO 88066 --- [           main] o.apache.catalina.core.StandardService   : Starting service [Tomcat]
2024-12-17 12:42:14.213 - INFO 88066 --- [           main] org.apache.catalina.core.StandardEngine  : Starting Servlet engine: [Apache Tomcat/9.0.34]
2024-12-17 12:42:14.259 - INFO 88066 --- [           main] o.a.c.c.C.[Tomcat].[localhost].[/]       : Initializing Spring embedded WebApplicationContext
2024-12-17 12:42:14.259 - INFO 88066 --- [           main] o.s.web.context.ContextLoader            : Root WebApplicationContext: initialization completed in 1172 ms
2024-12-17 12:42:14.304 - INFO 88066 --- [           main] c.a.d.s.b.a.DruidDataSourceAutoConfigure : Init DruidDataSource
2024-12-17 12:42:14.528 - INFO 88066 --- [           main] com.alibaba.druid.pool.DruidDataSource   : {dataSource-1} inited
2024-12-17 12:42:14.629 - INFO 88066 --- [           main] o.hibernate.jpa.internal.util.LogHelper  : HHH000204: Processing PersistenceUnitInfo [
	name: default
	...]
2024-12-17 12:42:14.673 - INFO 88066 --- [           main] org.hibernate.Version                    : HHH000412: Hibernate Core {5.3.17.Final}
2024-12-17 12:42:14.674 - INFO 88066 --- [           main] org.hibernate.cfg.Environment            : HHH000206: hibernate.properties not found
2024-12-17 12:42:14.766 - INFO 88066 --- [           main] o.hibernate.annotations.common.Version   : HCANN000001: Hibernate Commons Annotations {5.0.4.Final}
2024-12-17 12:42:14.855 - INFO 88066 --- [           main] org.hibernate.dialect.Dialect            : HHH000400: Using dialect: org.hibernate.dialect.MySQL5Dialect
2024-12-17 12:42:15.362 - INFO 88066 --- [           main] j.LocalContainerEntityManagerFactoryBean : Initialized JPA EntityManagerFactory for persistence unit 'default'
2024-12-17 12:42:15.628 - INFO 88066 --- [           main] o.h.h.i.QueryTranslatorFactoryInitiator  : HHH000397: Using ASTQueryTranslatorFactory
2024-12-17 12:42:16.015 - WARN 88066 --- [           main] aWebConfiguration$JpaWebMvcConfiguration : spring.jpa.open-in-view is enabled by default. Therefore, database queries may be performed during view rendering. Explicitly configure spring.jpa.open-in-view to disable this warning
2024-12-17 12:42:16.103 - INFO 88066 --- [           main] pertySourcedRequestMappingHandlerMapping : Mapped URL path [/v2/api-docs] onto method [public org.springframework.http.ResponseEntity<springfox.documentation.spring.web.json.Json> springfox.documentation.swagger2.web.Swagger2Controller.getDocumentation(java.lang.String,javax.servlet.http.HttpServletRequest)]
2024-12-17 12:42:16.233 - INFO 88066 --- [           main] o.s.s.concurrent.ThreadPoolTaskExecutor  : Initializing ExecutorService 'applicationTaskExecutor'
2024-12-17 12:42:16.402 - INFO 88066 --- [           main] d.s.w.p.DocumentationPluginsBootstrapper : Context refreshed
2024-12-17 12:42:16.421 - INFO 88066 --- [           main] d.s.w.p.DocumentationPluginsBootstrapper : Found 1 custom documentation plugin(s)
2024-12-17 12:42:16.441 - INFO 88066 --- [           main] s.d.s.w.s.ApiListingReferenceScanner     : Scanning for api listing references
2024-12-17 12:42:16.568 - INFO 88066 --- [           main] o.a.coyote.http11.Http11NioProtocol      : Starting ProtocolHandler ["http-nio-8081"]
2024-12-17 12:42:16.586 - INFO 88066 --- [           main] o.s.b.w.embedded.tomcat.TomcatWebServer  : Tomcat started on port(s): 8081 (http) with context path ''
2024-12-17 12:42:16.588 - INFO 88066 --- [           main] com.ylz.server.YlzApplication            : Started YlzApplication in 3.779 seconds (JVM running for 4.018)
2024-12-17 12:42:24.876 - INFO 88066 --- [nio-8081-exec-1] o.a.c.c.C.[Tomcat].[localhost].[/]       : Initializing Spring DispatcherServlet 'dispatcherServlet'
2024-12-17 12:42:24.877 - INFO 88066 --- [nio-8081-exec-1] o.s.web.servlet.DispatcherServlet        : Initializing Servlet 'dispatcherServlet'
2024-12-17 12:42:24.882 - INFO 88066 --- [nio-8081-exec-1] o.s.web.servlet.DispatcherServlet        : Completed initialization in 5 ms
